<?xml version="1.0" encoding="UTF-8"?>
<!-- Generated by org.testng.reporters.JUnitReportReporter -->
<testsuite hostname="DESKTOP-VJ5UG09" name="test.RahulshettyProject1.ShoppingPageTest" tests="2" failures="0" timestamp="20 Dec 2022 13:50:11 GMT" time="37.814" errors="0">
  <testcase name="submitOrderTest" time="24.487" classname="test.RahulshettyProject1.ShoppingPageTest"/>
  <testcase name="submitOrderTest" time="13.327" classname="test.RahulshettyProject1.ShoppingPageTest"/>
</testsuite> <!-- test.RahulshettyProject1.ShoppingPageTest -->
