<?xml version="1.0" encoding="UTF-8"?>
<!-- Generated by org.testng.reporters.JUnitReportReporter -->
<testsuite skipped="0" hostname="DESKTOP-VJ5UG09" name="test.RahulshettyProject1.ShoppingPageTest" tests="2" failures="0" timestamp="20 Dec 2022 13:42:15 GMT" time="102.308" errors="0">
  <testcase name="submitOrderTest" time="36.486" classname="test.RahulshettyProject1.ShoppingPageTest"/>
  <testcase name="submitOrderTest" time="65.822" classname="test.RahulshettyProject1.ShoppingPageTest"/>
</testsuite> <!-- test.RahulshettyProject1.ShoppingPageTest -->
